sample/app/proguard-rules.pro
-printseeds seeds.txt